<?xml version="1.0" encoding="UTF-8"?>
<testsuite name="ru.netology.service.CashbackHackServiceTest" tests="3" skipped="0" failures="0" errors="0" timestamp="2023-09-01T10:16:58" hostname="DESKTOP-A4940C0" time="0.014">
  <properties/>
  <testcase name="amountIsLessThanBoundary" classname="ru.netology.service.CashbackHackServiceTest" time="0.007"/>
  <testcase name="amountIsEqualToBoundary" classname="ru.netology.service.CashbackHackServiceTest" time="0.001"/>
  <testcase name="amountIsGreaterThanBoundary" classname="ru.netology.service.CashbackHackServiceTest" time="0.002"/>
  <system-out><![CDATA[]]></system-out>
  <system-err><![CDATA[]]></system-err>
</testsuite>
