<?xml version="1.0" encoding="UTF-8"?>
<testsuite name="ru.netology.service.CashbackHackServiceTest" tests="3" skipped="0" failures="0" errors="0" timestamp="2023-09-01T09:42:57" hostname="DESKTOP-A4940C0" time="0.067">
  <properties/>
  <testcase name="testRemainWhenAmountIsEqualToBoundary" classname="ru.netology.service.CashbackHackServiceTest" time="0.021"/>
  <testcase name="testRemainWhenAmountIsGreaterThanBoundary" classname="ru.netology.service.CashbackHackServiceTest" time="0.0"/>
  <testcase name="testRemainWhenAmountIsLessThanBoundary" classname="ru.netology.service.CashbackHackServiceTest" time="0.013"/>
  <system-out><![CDATA[]]></system-out>
  <system-err><![CDATA[]]></system-err>
</testsuite>
